11:44:47 **** Incremental Build of configuration Debug for project merge_ascending ****
make all 
Building file: ../arr9.c
Invoking: GCC C Compiler
gcc -O0 -g3 -Wall -c -fmessage-length=0 -MMD -MP -MF"arr9.d" -MT"arr9.o" -o "arr9.o" "../arr9.c"
Finished building: ../arr9.c
 
Building target: merge_ascending
Invoking: GCC C Linker
gcc  -o "merge_ascending"  ./arr9.o   
Finished building target: merge_ascending
 
11:44:50 **** Incremental Build of configuration Debug for project merge_ascending ****
make all 
make: Nothing to be done for 'all'.
11:46:40 **** Incremental Build of configuration Debug for project merge_ascending ****
make all 
Building file: ../arr9.c
Invoking: GCC C Compiler
gcc -O0 -g3 -Wall -c -fmessage-length=0 -MMD -MP -MF"arr9.d" -MT"arr9.o" -o "arr9.o" "../arr9.c"
Finished building: ../arr9.c
 
Building target: merge_ascending
Invoking: GCC C Linker
gcc  -o "merge_ascending"  ./arr9.o   
Finished building target: merge_ascending
 
11:47:59 **** Incremental Build of configuration Debug for project merge_ascending ****
make all 
Building file: ../arr9.c
Invoking: GCC C Compiler
gcc -O0 -g3 -Wall -c -fmessage-length=0 -MMD -MP -MF"arr9.d" -MT"arr9.o" -o "arr9.o" "../arr9.c"
Finished building: ../arr9.c
 
Building target: merge_ascending
Invoking: GCC C Linker
gcc  -o "merge_ascending"  ./arr9.o   
Finished building target: merge_ascending
 
