11:47:02 **** Incremental Build of configuration Debug for project reverse array ****
make all 
Building file: ../arr7.c
Invoking: GCC C Compiler
gcc -O0 -g3 -Wall -c -fmessage-length=0 -MMD -MP -MF"arr7.d" -MT"arr7.o" -o "arr7.o" "../arr7.c"
../arr7.c: In function ‘main’:
../arr7.c:17:3: warning: implicit declaration of function ‘exit’ [-Wimplicit-function-declaration]
   17 |   exit(1);
      |   ^~~~
../arr7.c:17:3: warning: incompatible implicit declaration of built-in function ‘exit’
../arr7.c:8:1: note: include ‘<stdlib.h>’ or provide a declaration of ‘exit’
    7 | #include<stdio.h>
  +++ |+#include <stdlib.h>
    8 | #define size 20
../arr7.c:11:30: warning: unused variable ‘pos’ [-Wunused-variable]
   11 |  int a[size]={0},b[size]={0},pos,i,j,n,temp;
      |                              ^~~
../arr7.c:11:18: warning: unused variable ‘b’ [-Wunused-variable]
   11 |  int a[size]={0},b[size]={0},pos,i,j,n,temp;
      |                  ^
Finished building: ../arr7.c
 
Building target: reverse array
Invoking: GCC C Linker
gcc  -o "reverse array"  ./arr7.o   
Finished building target: reverse array
 

11:47:02 Build Finished. 0 errors, 4 warnings. (took 164ms)

