14:08:54 **** Incremental Build of configuration Debug for project q_8 ****
make all 
Building file: ../q8.c
Invoking: GCC C Compiler
gcc -O0 -g3 -Wall -c -fmessage-length=0 -MMD -MP -MF"q8.d" -MT"q8.o" -o "q8.o" "../q8.c"
../q8.c: In function ‘main’:
../q8.c:40:3: warning: implicit declaration of function ‘exit’ [-Wimplicit-function-declaration]
   40 |   exit(1);
      |   ^~~~
../q8.c:40:3: warning: incompatible implicit declaration of built-in function ‘exit’
../q8.c:10:1: note: include ‘<stdlib.h>’ or provide a declaration of ‘exit’
    9 | #include<stdio.h>
  +++ |+#include <stdlib.h>
   10 | int main()
Finished building: ../q8.c
 
Building target: q_8
Invoking: GCC C Linker
gcc  -o "q_8"  ./q8.o   
Finished building target: q_8
 
14:08:59 **** Incremental Build of configuration Debug for project q_8 ****
make all 
make: Nothing to be done for 'all'.
14:09:12 **** Incremental Build of configuration Debug for project q_8 ****
make all 
make: Nothing to be done for 'all'.
14:09:40 **** Incremental Build of configuration Debug for project q_8 ****
make all 
Building file: ../q8.c
Invoking: GCC C Compiler
gcc -O0 -g3 -Wall -c -fmessage-length=0 -MMD -MP -MF"q8.d" -MT"q8.o" -o "q8.o" "../q8.c"
../q8.c: In function ‘main’:
../q8.c:40:3: warning: implicit declaration of function ‘exit’ [-Wimplicit-function-declaration]
   40 |   exit(1);
      |   ^~~~
../q8.c:40:3: warning: incompatible implicit declaration of built-in function ‘exit’
../q8.c:10:1: note: include ‘<stdlib.h>’ or provide a declaration of ‘exit’
    9 | #include<stdio.h>
  +++ |+#include <stdlib.h>
   10 | int main()
Finished building: ../q8.c
 
Building target: q_8
Invoking: GCC C Linker
gcc  -o "q_8"  ./q8.o   
Finished building target: q_8
 
11:09:28 **** Incremental Build of configuration Debug for project q_8 ****
make all 
Cannot run program "make": Launching failed

Error: Program "make" not found in PATH
PATH=[C:\Program Files\Common Files\Oracle\Java\javapath;C:\windows\system32;C:\windows;C:\windows\System32\Wbem;C:\windows\System32\WindowsPowerShell\v1.0\;C:\windows\System32\OpenSSH\;C:\Program Files (x86)\NVIDIA Corporation\PhysX\Common;C:\MinGW\bin;C:\mingw64\bin;C:\Program Files\MySQL\MySQL Shell 8.0\bin\;C:\Users\Rudrax\AppData\Local\Programs\Microsoft VS Code\bin]
