09:53:25 **** Incremental Build of configuration Debug for project enum2 ****
make all 
Building file: ../enum2.c
Invoking: GCC C Compiler
gcc -O0 -g3 -Wall -c -fmessage-length=0 -MMD -MP -MF"enum2.d" -MT"enum2.o" -o "enum2.o" "../enum2.c"
../enum2.c: In function ‘main’:
../enum2.c:15:10: warning: format ‘%d’ expects argument of type ‘int *’, but argument 2 has type ‘enum week *’ [-Wformat=]
   15 |  scanf("%d",&day);
      |         ~^  ~~~~
      |          |  |
      |          |  enum week *
      |          int *
Finished building: ../enum2.c
 
Building target: enum2
Invoking: GCC C Linker
gcc  -o "enum2"  ./enum2.o   
Finished building target: enum2
 
09:53:31 **** Incremental Build of configuration Debug for project enum2 ****
make all 
make: Nothing to be done for 'all'.
09:53:40 **** Incremental Build of configuration Debug for project enum2 ****
make all 
Building file: ../enum2.c
Invoking: GCC C Compiler
gcc -O0 -g3 -Wall -c -fmessage-length=0 -MMD -MP -MF"enum2.d" -MT"enum2.o" -o "enum2.o" "../enum2.c"
../enum2.c: In function ‘main’:
../enum2.c:15:10: warning: format ‘%d’ expects argument of type ‘int *’, but argument 2 has type ‘enum week *’ [-Wformat=]
   15 |  scanf("%d",&day);
      |         ~^  ~~~~
      |          |  |
      |          |  enum week *
      |          int *
Finished building: ../enum2.c
 
Building target: enum2
Invoking: GCC C Linker
gcc  -o "enum2"  ./enum2.o   
Finished building target: enum2
 
09:55:52 **** Incremental Build of configuration Debug for project bonus ****
make all 
Building file: ../bonus.c
Invoking: GCC C Compiler
gcc -O0 -g3 -Wall -c -fmessage-length=0 -MMD -MP -MF"bonus.d" -MT"bonus.o" -o "bonus.o" "../bonus.c"
Finished building: ../bonus.c
 
Building target: bonus
Invoking: GCC C Linker
gcc  -o "bonus"  ./bonus.o   
Finished building target: bonus
 
